[0.053s] Invoking command in '/home/penship/rover/build/strategi': CMAKE_PREFIX_PATH=${CMAKE_PREFIX_PATH}:/home/penship/rover/install/vision:/home/penship/rover/install/strategi:/home/penship/rover/install/motor:/home/penship/rover/install/main:/home/penship/rover/install/launcher:/home/penship/rover/install/joy:/home/penship/rover/src/install/vision:/home/penship/rover/src/install/motor:/home/penship/rover/src/install/main:/home/penship/rover/src/install/joy:/opt/ros/foxy /usr/bin/cmake /home/penship/rover/src/strategi -DAMENT_CMAKE_SYMLINK_INSTALL=1 -DCMAKE_INSTALL_PREFIX=/home/penship/rover/install/strategi
[0.249s] -- The C compiler identification is GNU 9.4.0
[0.409s] -- The CXX compiler identification is GNU 9.4.0
[0.424s] -- Check for working C compiler: /usr/bin/cc
[0.673s] -- Check for working C compiler: /usr/bin/cc -- works
[0.677s] -- Detecting C compiler ABI info
[0.943s] -- Detecting C compiler ABI info - done
[0.972s] -- Detecting C compile features
[0.972s] -- Detecting C compile features - done
[0.978s] -- Check for working CXX compiler: /usr/bin/c++
[1.184s] -- Check for working CXX compiler: /usr/bin/c++ -- works
[1.187s] -- Detecting CXX compiler ABI info
[1.363s] -- Detecting CXX compiler ABI info - done
[1.390s] -- Detecting CXX compile features
[1.391s] -- Detecting CXX compile features - done
[1.394s] -- Found ament_cmake: 0.9.12 (/opt/ros/foxy/share/ament_cmake/cmake)
[1.418s] -- Found PythonInterp: /home/penship/ardupilot/ardupilot_env/bin/python3 (found suitable version "3.8.10", minimum required is "3") 
[1.419s] -- Using PYTHON_EXECUTABLE: /home/penship/ardupilot/ardupilot_env/bin/python3
[1.586s] -- Override CMake install command with custom implementation using symlinks instead of copying resources
[1.634s] -- Found ament_lint_auto: 0.9.8 (/opt/ros/foxy/share/ament_lint_auto/cmake)
[1.813s] -- Added test 'copyright' to check source files copyright and LICENSE
[1.815s] -- Added test 'cppcheck' to perform static code analysis on C / C++ code
[1.815s] -- Configured cppcheck include dirs: 
[1.816s] -- Configured cppcheck exclude dirs and/or files: 
[1.817s] -- Added test 'cpplint' to check C / C++ code against the Google style
[1.818s] -- Configured cpplint exclude dirs and/or files: 
[1.819s] -- Added test 'lint_cmake' to check CMake code style
[1.821s] -- Added test 'uncrustify' to check C / C++ code style
[1.821s] -- Configured uncrustify additional arguments: 
[1.822s] -- Added test 'xmllint' to check XML markup files
[1.826s] -- Configuring done
[1.830s] -- Generating done
[1.832s] -- Build files have been written to: /home/penship/rover/build/strategi
[1.842s] Invoked command in '/home/penship/rover/build/strategi' returned '0': CMAKE_PREFIX_PATH=${CMAKE_PREFIX_PATH}:/home/penship/rover/install/vision:/home/penship/rover/install/strategi:/home/penship/rover/install/motor:/home/penship/rover/install/main:/home/penship/rover/install/launcher:/home/penship/rover/install/joy:/home/penship/rover/src/install/vision:/home/penship/rover/src/install/motor:/home/penship/rover/src/install/main:/home/penship/rover/src/install/joy:/opt/ros/foxy /usr/bin/cmake /home/penship/rover/src/strategi -DAMENT_CMAKE_SYMLINK_INSTALL=1 -DCMAKE_INSTALL_PREFIX=/home/penship/rover/install/strategi
[1.847s] Invoking command in '/home/penship/rover/build/strategi': CMAKE_PREFIX_PATH=${CMAKE_PREFIX_PATH}:/home/penship/rover/install/vision:/home/penship/rover/install/strategi:/home/penship/rover/install/motor:/home/penship/rover/install/main:/home/penship/rover/install/launcher:/home/penship/rover/install/joy:/home/penship/rover/src/install/vision:/home/penship/rover/src/install/motor:/home/penship/rover/src/install/main:/home/penship/rover/src/install/joy:/opt/ros/foxy /usr/bin/cmake --build /home/penship/rover/build/strategi -- -j8 -l8
[1.924s] Invoked command in '/home/penship/rover/build/strategi' returned '0': CMAKE_PREFIX_PATH=${CMAKE_PREFIX_PATH}:/home/penship/rover/install/vision:/home/penship/rover/install/strategi:/home/penship/rover/install/motor:/home/penship/rover/install/main:/home/penship/rover/install/launcher:/home/penship/rover/install/joy:/home/penship/rover/src/install/vision:/home/penship/rover/src/install/motor:/home/penship/rover/src/install/main:/home/penship/rover/src/install/joy:/opt/ros/foxy /usr/bin/cmake --build /home/penship/rover/build/strategi -- -j8 -l8
[1.950s] Invoking command in '/home/penship/rover/build/strategi': CMAKE_PREFIX_PATH=${CMAKE_PREFIX_PATH}:/home/penship/rover/install/vision:/home/penship/rover/install/strategi:/home/penship/rover/install/motor:/home/penship/rover/install/main:/home/penship/rover/install/launcher:/home/penship/rover/install/joy:/home/penship/rover/src/install/vision:/home/penship/rover/src/install/motor:/home/penship/rover/src/install/main:/home/penship/rover/src/install/joy:/opt/ros/foxy /usr/bin/cmake --install /home/penship/rover/build/strategi
[1.967s] -- Install configuration: ""
[1.968s] -- Execute custom install script
[1.968s] -- Symlinking: /home/penship/rover/install/strategi/share/ament_index/resource_index/package_run_dependencies/strategi
[1.993s] -- Symlinking: /home/penship/rover/install/strategi/share/ament_index/resource_index/parent_prefix_path/strategi
[2.004s] -- Symlinking: /home/penship/rover/install/strategi/share/strategi/environment/ament_prefix_path.sh
[2.034s] -- Symlinking: /home/penship/rover/install/strategi/share/strategi/environment/ament_prefix_path.dsv
[2.052s] -- Symlinking: /home/penship/rover/install/strategi/share/strategi/environment/path.sh
[2.070s] -- Symlinking: /home/penship/rover/install/strategi/share/strategi/environment/path.dsv
[2.084s] -- Symlinking: /home/penship/rover/install/strategi/share/strategi/local_setup.bash
[2.100s] -- Symlinking: /home/penship/rover/install/strategi/share/strategi/local_setup.sh
[2.117s] -- Symlinking: /home/penship/rover/install/strategi/share/strategi/local_setup.zsh
[2.147s] -- Symlinking: /home/penship/rover/install/strategi/share/strategi/local_setup.dsv
[2.167s] -- Symlinking: /home/penship/rover/install/strategi/share/strategi/package.dsv
[2.195s] -- Symlinking: /home/penship/rover/install/strategi/share/ament_index/resource_index/packages/strategi
[2.211s] -- Symlinking: /home/penship/rover/install/strategi/share/strategi/cmake/strategiConfig.cmake
[2.234s] -- Symlinking: /home/penship/rover/install/strategi/share/strategi/cmake/strategiConfig-version.cmake
[2.249s] -- Symlinking: /home/penship/rover/install/strategi/share/strategi/package.xml
[2.288s] Invoked command in '/home/penship/rover/build/strategi' returned '0': CMAKE_PREFIX_PATH=${CMAKE_PREFIX_PATH}:/home/penship/rover/install/vision:/home/penship/rover/install/strategi:/home/penship/rover/install/motor:/home/penship/rover/install/main:/home/penship/rover/install/launcher:/home/penship/rover/install/joy:/home/penship/rover/src/install/vision:/home/penship/rover/src/install/motor:/home/penship/rover/src/install/main:/home/penship/rover/src/install/joy:/opt/ros/foxy /usr/bin/cmake --install /home/penship/rover/build/strategi
