[0.048s] Invoking command in '/home/penship/rover/build/launcher': CMAKE_PREFIX_PATH=${CMAKE_PREFIX_PATH}:/opt/ros/foxy /usr/bin/cmake /home/penship/rover/src/launcher -DAMENT_CMAKE_SYMLINK_INSTALL=1 -DCMAKE_INSTALL_PREFIX=/home/penship/rover/install/launcher
[0.073s] -- Found ament_cmake: 0.9.12 (/opt/ros/foxy/share/ament_cmake/cmake)
[0.096s] -- Using PYTHON_EXECUTABLE: /home/penship/ardupilot/ardupilot_env/bin/python3
[0.313s] -- Override CMake install command with custom implementation using symlinks instead of copying resources
[0.326s] -- Found ament_lint_auto: 0.9.8 (/opt/ros/foxy/share/ament_lint_auto/cmake)
[0.462s] -- Added test 'copyright' to check source files copyright and LICENSE
[0.465s] -- Added test 'flake8' to check Python code syntax and style conventions
[0.469s] -- Added test 'lint_cmake' to check CMake code style
[0.470s] -- Added test 'pep257' to check Python code against some of the style conventions in PEP 257
[0.471s] -- Added test 'xmllint' to check XML markup files
[0.476s] -- Configuring done
[0.480s] -- Generating done
[0.483s] -- Build files have been written to: /home/penship/rover/build/launcher
[0.488s] Invoked command in '/home/penship/rover/build/launcher' returned '0': CMAKE_PREFIX_PATH=${CMAKE_PREFIX_PATH}:/opt/ros/foxy /usr/bin/cmake /home/penship/rover/src/launcher -DAMENT_CMAKE_SYMLINK_INSTALL=1 -DCMAKE_INSTALL_PREFIX=/home/penship/rover/install/launcher
[0.491s] Invoking command in '/home/penship/rover/build/launcher': CMAKE_PREFIX_PATH=${CMAKE_PREFIX_PATH}:/opt/ros/foxy /usr/bin/cmake --build /home/penship/rover/build/launcher -- -j8 -l8
[0.541s] Invoked command in '/home/penship/rover/build/launcher' returned '0': CMAKE_PREFIX_PATH=${CMAKE_PREFIX_PATH}:/opt/ros/foxy /usr/bin/cmake --build /home/penship/rover/build/launcher -- -j8 -l8
[0.545s] Invoking command in '/home/penship/rover/build/launcher': CMAKE_PREFIX_PATH=${CMAKE_PREFIX_PATH}:/opt/ros/foxy /usr/bin/cmake --install /home/penship/rover/build/launcher
[0.555s] -- Install configuration: ""
[0.555s] -- Execute custom install script
[0.556s] -- Symlinking: /home/penship/rover/install/launcher/share/launcher//launch/main.launch.py
[0.568s] -- Symlinking: /home/penship/rover/install/launcher/share/launcher//launch/rover_launch.py
[0.580s] -- Symlinking: /home/penship/rover/install/launcher/share/ament_index/resource_index/package_run_dependencies/launcher
[0.592s] -- Symlinking: /home/penship/rover/install/launcher/share/ament_index/resource_index/parent_prefix_path/launcher
[0.604s] -- Symlinking: /home/penship/rover/install/launcher/share/launcher/environment/ament_prefix_path.sh
[0.617s] -- Symlinking: /home/penship/rover/install/launcher/share/launcher/environment/ament_prefix_path.dsv
[0.629s] -- Symlinking: /home/penship/rover/install/launcher/share/launcher/environment/path.sh
[0.642s] -- Symlinking: /home/penship/rover/install/launcher/share/launcher/environment/path.dsv
[0.654s] -- Symlinking: /home/penship/rover/install/launcher/share/launcher/local_setup.bash
[0.665s] -- Symlinking: /home/penship/rover/install/launcher/share/launcher/local_setup.sh
[0.678s] -- Symlinking: /home/penship/rover/install/launcher/share/launcher/local_setup.zsh
[0.690s] -- Symlinking: /home/penship/rover/install/launcher/share/launcher/local_setup.dsv
[0.702s] -- Symlinking: /home/penship/rover/install/launcher/share/launcher/package.dsv
[0.714s] -- Symlinking: /home/penship/rover/install/launcher/share/ament_index/resource_index/packages/launcher
[0.726s] -- Symlinking: /home/penship/rover/install/launcher/share/launcher/cmake/launcherConfig.cmake
[0.739s] -- Symlinking: /home/penship/rover/install/launcher/share/launcher/cmake/launcherConfig-version.cmake
[0.750s] -- Symlinking: /home/penship/rover/install/launcher/share/launcher/package.xml
[0.765s] Invoked command in '/home/penship/rover/build/launcher' returned '0': CMAKE_PREFIX_PATH=${CMAKE_PREFIX_PATH}:/opt/ros/foxy /usr/bin/cmake --install /home/penship/rover/build/launcher
