[0.064s] Invoking command in '/home/penship/rover/build/joy': CMAKE_PREFIX_PATH=${CMAKE_PREFIX_PATH}:/opt/ros/foxy /usr/bin/cmake /home/penship/rover/src/joy -DAMENT_CMAKE_SYMLINK_INSTALL=1 -DCMAKE_INSTALL_PREFIX=/home/penship/rover/install/joy
[0.205s] -- The C compiler identification is GNU 9.4.0
[0.333s] -- The CXX compiler identification is GNU 9.4.0
[0.344s] -- Check for working C compiler: /usr/bin/cc
[0.480s] -- Check for working C compiler: /usr/bin/cc -- works
[0.483s] -- Detecting C compiler ABI info
[0.664s] -- Detecting C compiler ABI info - done
[0.694s] -- Detecting C compile features
[0.695s] -- Detecting C compile features - done
[0.700s] -- Check for working CXX compiler: /usr/bin/c++
[0.851s] -- Check for working CXX compiler: /usr/bin/c++ -- works
[0.852s] -- Detecting CXX compiler ABI info
[1.003s] -- Detecting CXX compiler ABI info - done
[1.033s] -- Detecting CXX compile features
[1.034s] -- Detecting CXX compile features - done
[1.038s] -- Found ament_cmake: 0.9.12 (/opt/ros/foxy/share/ament_cmake/cmake)
[1.069s] -- Found PythonInterp: /home/penship/ardupilot/ardupilot_env/bin/python3 (found suitable version "3.8.10", minimum required is "3") 
[1.069s] -- Using PYTHON_EXECUTABLE: /home/penship/ardupilot/ardupilot_env/bin/python3
[1.262s] -- Override CMake install command with custom implementation using symlinks instead of copying resources
[1.304s] -- Found rclcpp: 2.4.3 (/opt/ros/foxy/share/rclcpp/cmake)
[1.413s] -- Using all available rosidl_typesupport_c: rosidl_typesupport_fastrtps_c;rosidl_typesupport_introspection_c
[1.429s] -- Found rosidl_adapter: 1.3.1 (/opt/ros/foxy/share/rosidl_adapter/cmake)
[1.567s] -- Found OpenSSL: /usr/lib/x86_64-linux-gnu/libcrypto.so (found version "1.1.1f")  
[1.607s] -- Found FastRTPS: /opt/ros/foxy/include  
[1.714s] -- Using all available rosidl_typesupport_cpp: rosidl_typesupport_fastrtps_cpp;rosidl_typesupport_introspection_cpp
[1.792s] -- Found rmw_implementation_cmake: 1.0.4 (/opt/ros/foxy/share/rmw_implementation_cmake/cmake)
[1.794s] -- Using RMW implementation 'rmw_fastrtps_cpp' as default
[1.795s] -- Looking for pthread.h
[1.887s] -- Looking for pthread.h - found
[1.887s] -- Performing Test CMAKE_HAVE_LIBC_PTHREAD
[1.979s] -- Performing Test CMAKE_HAVE_LIBC_PTHREAD - Failed
[1.979s] -- Looking for pthread_create in pthreads
[2.051s] -- Looking for pthread_create in pthreads - not found
[2.051s] -- Looking for pthread_create in pthread
[2.135s] -- Looking for pthread_create in pthread - found
[2.138s] -- Found Threads: TRUE  
[2.340s] -- Found sensor_msgs: 2.0.5 (/opt/ros/foxy/share/sensor_msgs/cmake)
[2.492s] -- Found ament_lint_auto: 0.9.8 (/opt/ros/foxy/share/ament_lint_auto/cmake)
[2.611s] -- Added test 'copyright' to check source files copyright and LICENSE
[2.620s] -- Added test 'cppcheck' to perform static code analysis on C / C++ code
[2.621s] -- Configured cppcheck include dirs: /home/penship/rover/src/joy/include
[2.621s] -- Configured cppcheck exclude dirs and/or files: 
[2.626s] -- Added test 'cpplint' to check C / C++ code against the Google style
[2.626s] -- Configured cpplint exclude dirs and/or files: 
[2.629s] -- Added test 'lint_cmake' to check CMake code style
[2.632s] -- Added test 'uncrustify' to check C / C++ code style
[2.633s] -- Configured uncrustify additional arguments: 
[2.634s] -- Added test 'xmllint' to check XML markup files
[2.641s] -- Configuring done
[2.652s] -- Generating done
[2.657s] -- Build files have been written to: /home/penship/rover/build/joy
