[0.012s] Invoking command in '/home/penship/rover/build/joy': CMAKE_PREFIX_PATH=/opt/ros/foxy /usr/bin/cmake /home/penship/rover/src/joy -DAMENT_CMAKE_SYMLINK_INSTALL=1 -DCMAKE_INSTALL_PREFIX=/home/penship/rover/install/joy
[0.030s] -- Found ament_cmake: 0.9.12 (/opt/ros/foxy/share/ament_cmake/cmake)
[0.048s] -- Using PYTHON_EXECUTABLE: /home/penship/ardupilot/ardupilot_env/bin/python3
[0.199s] -- Override CMake install command with custom implementation using symlinks instead of copying resources
[0.209s] -- Found ament_lint_auto: 0.9.8 (/opt/ros/foxy/share/ament_lint_auto/cmake)
[0.233s] Traceback (most recent call last):
[0.233s]   File "/opt/ros/foxy/share/ament_cmake_core/cmake/core/package_xml_2_cmake.py", line 21, in <module>
[0.233s]     from catkin_pkg.package import parse_package_string
[0.233s] ModuleNotFoundError: No module named 'catkin_pkg'
[0.235s] CMake Error at /opt/ros/foxy/share/ament_cmake_core/cmake/core/ament_package_xml.cmake:94 (message):
[0.235s]   execute_process(/home/penship/ardupilot/ardupilot_env/bin/python3
[0.235s]   /opt/ros/foxy/share/ament_cmake_core/cmake/core/package_xml_2_cmake.py
[0.236s]   /home/penship/rover/src/joy/package.xml
[0.236s]   /home/penship/rover/build/joy/ament_cmake_core/package.cmake) returned
[0.236s]   error code 1
[0.236s] Call Stack (most recent call first):
[0.236s]   /opt/ros/foxy/share/ament_cmake_core/cmake/core/ament_package_xml.cmake:49 (_ament_package_xml)
[0.236s]   /opt/ros/foxy/share/ament_lint_auto/cmake/ament_lint_auto_find_test_dependencies.cmake:31 (ament_package_xml)
[0.236s]   CMakeLists.txt:32 (ament_lint_auto_find_test_dependencies)
[0.236s] 
[0.236s] 
[0.236s] -- Configuring incomplete, errors occurred!
[0.237s] See also "/home/penship/rover/build/joy/CMakeFiles/CMakeOutput.log".
[0.241s] Invoked command in '/home/penship/rover/build/joy' returned '1': CMAKE_PREFIX_PATH=/opt/ros/foxy /usr/bin/cmake /home/penship/rover/src/joy -DAMENT_CMAKE_SYMLINK_INSTALL=1 -DCMAKE_INSTALL_PREFIX=/home/penship/rover/install/joy
