[0.028s] Invoking command in '/home/penship/rover/build/joy': CMAKE_PREFIX_PATH=/opt/ros/foxy /usr/bin/cmake /home/penship/rover/src/joy -DCMAKE_INSTALL_PREFIX=/home/penship/rover/install/joy
[0.183s] -- The C compiler identification is GNU 9.4.0
[0.308s] -- The CXX compiler identification is GNU 9.4.0
[0.316s] -- Check for working C compiler: /usr/bin/cc
[0.395s] -- Check for working C compiler: /usr/bin/cc -- works
[0.397s] -- Detecting C compiler ABI info
[0.476s] -- Detecting C compiler ABI info - done
[0.489s] -- Detecting C compile features
[0.489s] -- Detecting C compile features - done
[0.493s] -- Check for working CXX compiler: /usr/bin/c++
[0.579s] -- Check for working CXX compiler: /usr/bin/c++ -- works
[0.580s] -- Detecting CXX compiler ABI info
[0.674s] -- Detecting CXX compiler ABI info - done
[0.687s] -- Detecting CXX compile features
[0.687s] -- Detecting CXX compile features - done
[0.690s] -- Found ament_cmake: 0.9.12 (/opt/ros/foxy/share/ament_cmake/cmake)
[0.715s] -- Found PythonInterp: /home/penship/ardupilot/ardupilot_env/bin/python3 (found suitable version "3.8.10", minimum required is "3") 
[0.715s] -- Using PYTHON_EXECUTABLE: /home/penship/ardupilot/ardupilot_env/bin/python3
[0.870s] -- Found ament_lint_auto: 0.9.8 (/opt/ros/foxy/share/ament_lint_auto/cmake)
[0.890s] Traceback (most recent call last):
[0.890s]   File "/opt/ros/foxy/share/ament_cmake_core/cmake/core/package_xml_2_cmake.py", line 21, in <module>
[0.890s]     from catkin_pkg.package import parse_package_string
[0.890s] ModuleNotFoundError: No module named 'catkin_pkg'
[0.892s] CMake Error at /opt/ros/foxy/share/ament_cmake_core/cmake/core/ament_package_xml.cmake:94 (message):
[0.893s]   execute_process(/home/penship/ardupilot/ardupilot_env/bin/python3
[0.893s]   /opt/ros/foxy/share/ament_cmake_core/cmake/core/package_xml_2_cmake.py
[0.893s]   /home/penship/rover/src/joy/package.xml
[0.893s]   /home/penship/rover/build/joy/ament_cmake_core/package.cmake) returned
[0.893s]   error code 1
[0.893s] Call Stack (most recent call first):
[0.893s]   /opt/ros/foxy/share/ament_cmake_core/cmake/core/ament_package_xml.cmake:49 (_ament_package_xml)
[0.893s]   /opt/ros/foxy/share/ament_lint_auto/cmake/ament_lint_auto_find_test_dependencies.cmake:31 (ament_package_xml)
[0.893s]   CMakeLists.txt:32 (ament_lint_auto_find_test_dependencies)
[0.893s] 
[0.893s] 
[0.893s] -- Configuring incomplete, errors occurred!
[0.893s] See also "/home/penship/rover/build/joy/CMakeFiles/CMakeOutput.log".
[0.898s] Invoked command in '/home/penship/rover/build/joy' returned '1': CMAKE_PREFIX_PATH=/opt/ros/foxy /usr/bin/cmake /home/penship/rover/src/joy -DCMAKE_INSTALL_PREFIX=/home/penship/rover/install/joy
