[0.065s] Invoking command in '/home/penship/rover/build/launcher': CMAKE_PREFIX_PATH=${CMAKE_PREFIX_PATH}:/opt/ros/foxy /usr/bin/cmake /home/penship/rover/src/launcher -DAMENT_CMAKE_SYMLINK_INSTALL=1 -DCMAKE_INSTALL_PREFIX=/home/penship/rover/install/launcher
[0.098s] -- Found ament_cmake: 0.9.12 (/opt/ros/foxy/share/ament_cmake/cmake)
[0.129s] -- Using PYTHON_EXECUTABLE: /home/penship/ardupilot/ardupilot_env/bin/python3
[0.400s] -- Override CMake install command with custom implementation using symlinks instead of copying resources
[0.419s] -- Found rclcpp: 2.4.3 (/opt/ros/foxy/share/rclcpp/cmake)
[0.508s] -- Using all available rosidl_typesupport_c: rosidl_typesupport_fastrtps_c;rosidl_typesupport_introspection_c
[0.519s] -- Found rosidl_adapter: 1.3.1 (/opt/ros/foxy/share/rosidl_adapter/cmake)
[0.769s] -- Using all available rosidl_typesupport_cpp: rosidl_typesupport_fastrtps_cpp;rosidl_typesupport_introspection_cpp
[0.875s] -- Found rmw_implementation_cmake: 1.0.4 (/opt/ros/foxy/share/rmw_implementation_cmake/cmake)
[0.880s] -- Using RMW implementation 'rmw_fastrtps_cpp' as default
[1.159s] CMake Error at CMakeLists.txt:21 (find_package):
[1.159s]   By not providing "Findlaunch_ros.cmake" in CMAKE_MODULE_PATH this project
[1.159s]   has asked CMake to find a package configuration file provided by
[1.159s]   "launch_ros", but CMake did not find one.
[1.159s] 
[1.159s]   Could not find a package configuration file provided by "launch_ros" with
[1.159s]   any of the following names:
[1.160s] 
[1.160s]     launch_rosConfig.cmake
[1.160s]     launch_ros-config.cmake
[1.160s] 
[1.160s]   Add the installation prefix of "launch_ros" to CMAKE_PREFIX_PATH or set
[1.160s]   "launch_ros_DIR" to a directory containing one of the above files.  If
[1.160s]   "launch_ros" provides a separate development package or SDK, be sure it has
[1.160s]   been installed.
[1.161s] 
[1.161s] 
[1.161s] -- Configuring incomplete, errors occurred!
[1.161s] See also "/home/penship/rover/build/launcher/CMakeFiles/CMakeOutput.log".
[1.161s] See also "/home/penship/rover/build/launcher/CMakeFiles/CMakeError.log".
[1.171s] Invoked command in '/home/penship/rover/build/launcher' returned '1': CMAKE_PREFIX_PATH=${CMAKE_PREFIX_PATH}:/opt/ros/foxy /usr/bin/cmake /home/penship/rover/src/launcher -DAMENT_CMAKE_SYMLINK_INSTALL=1 -DCMAKE_INSTALL_PREFIX=/home/penship/rover/install/launcher
