[0.034s] Invoking command in '/home/penship/rover/src/build/joy': CMAKE_PREFIX_PATH=/opt/ros/foxy /usr/bin/cmake --build /home/penship/rover/src/build/joy -- -j8 -l8
[0.227s] [100%] Built target rov_joy_controller
[0.255s] Invoked command in '/home/penship/rover/src/build/joy' returned '0': CMAKE_PREFIX_PATH=/opt/ros/foxy /usr/bin/cmake --build /home/penship/rover/src/build/joy -- -j8 -l8
[0.285s] Invoking command in '/home/penship/rover/src/build/joy': CMAKE_PREFIX_PATH=/opt/ros/foxy /usr/bin/cmake --install /home/penship/rover/src/build/joy
[0.300s] -- Install configuration: ""
[0.301s] -- Up-to-date: /home/penship/rover/src/install/joy/lib/joy/rov_joy_controller
[0.302s] -- Up-to-date: /home/penship/rover/src/install/joy/include
[0.302s] -- Up-to-date: /home/penship/rover/src/install/joy/include/joy
[0.303s] -- Up-to-date: /home/penship/rover/src/install/joy/include/joy/joy.h
[0.303s] -- Installing: /home/penship/rover/src/install/joy/include/joy/joy.h.save
[0.303s] -- Up-to-date: /home/penship/rover/src/install/joy/share/ament_index/resource_index/package_run_dependencies/joy
[0.304s] -- Up-to-date: /home/penship/rover/src/install/joy/share/ament_index/resource_index/parent_prefix_path/joy
[0.304s] -- Up-to-date: /home/penship/rover/src/install/joy/share/joy/environment/ament_prefix_path.sh
[0.304s] -- Up-to-date: /home/penship/rover/src/install/joy/share/joy/environment/ament_prefix_path.dsv
[0.304s] -- Up-to-date: /home/penship/rover/src/install/joy/share/joy/environment/path.sh
[0.304s] -- Up-to-date: /home/penship/rover/src/install/joy/share/joy/environment/path.dsv
[0.305s] -- Up-to-date: /home/penship/rover/src/install/joy/share/joy/local_setup.bash
[0.305s] -- Up-to-date: /home/penship/rover/src/install/joy/share/joy/local_setup.sh
[0.305s] -- Up-to-date: /home/penship/rover/src/install/joy/share/joy/local_setup.zsh
[0.305s] -- Up-to-date: /home/penship/rover/src/install/joy/share/joy/local_setup.dsv
[0.305s] -- Installing: /home/penship/rover/src/install/joy/share/joy/package.dsv
[0.306s] -- Up-to-date: /home/penship/rover/src/install/joy/share/ament_index/resource_index/packages/joy
[0.306s] -- Up-to-date: /home/penship/rover/src/install/joy/share/joy/cmake/joyConfig.cmake
[0.306s] -- Up-to-date: /home/penship/rover/src/install/joy/share/joy/cmake/joyConfig-version.cmake
[0.306s] -- Up-to-date: /home/penship/rover/src/install/joy/share/joy/package.xml
[0.311s] Invoked command in '/home/penship/rover/src/build/joy' returned '0': CMAKE_PREFIX_PATH=/opt/ros/foxy /usr/bin/cmake --install /home/penship/rover/src/build/joy
