[0.032s] Invoking command in '/home/penship/rover/src/build/main': CMAKE_PREFIX_PATH=${CMAKE_PREFIX_PATH}:/opt/ros/foxy /usr/bin/cmake /home/penship/rover/src/main -DCMAKE_INSTALL_PREFIX=/home/penship/rover/src/install/main
[0.127s] -- The C compiler identification is GNU 9.4.0
[0.204s] -- The CXX compiler identification is GNU 9.4.0
[0.212s] -- Check for working C compiler: /usr/bin/cc
[0.303s] -- Check for working C compiler: /usr/bin/cc -- works
[0.304s] -- Detecting C compiler ABI info
[0.392s] -- Detecting C compiler ABI info - done
[0.417s] -- Detecting C compile features
[0.418s] -- Detecting C compile features - done
[0.420s] -- Check for working CXX compiler: /usr/bin/c++
[0.530s] -- Check for working CXX compiler: /usr/bin/c++ -- works
[0.532s] -- Detecting CXX compiler ABI info
[0.657s] -- Detecting CXX compiler ABI info - done
[0.679s] -- Detecting CXX compile features
[0.680s] -- Detecting CXX compile features - done
[0.682s] -- Found ament_cmake: 0.9.12 (/opt/ros/foxy/share/ament_cmake/cmake)
[0.706s] -- Found PythonInterp: /home/penship/ardupilot/ardupilot_env/bin/python3 (found suitable version "3.8.10", minimum required is "3") 
[0.706s] -- Using PYTHON_EXECUTABLE: /home/penship/ardupilot/ardupilot_env/bin/python3
[0.895s] -- Found ament_lint_auto: 0.9.8 (/opt/ros/foxy/share/ament_lint_auto/cmake)
[1.019s] -- Added test 'copyright' to check source files copyright and LICENSE
[1.023s] -- Added test 'lint_cmake' to check CMake code style
[1.024s] -- Added test 'xmllint' to check XML markup files
[1.033s] -- Configuring done
[1.033s] -- Generating done
[1.033s] -- Build files have been written to: /home/penship/rover/src/build/main
[1.046s] Invoked command in '/home/penship/rover/src/build/main' returned '0': CMAKE_PREFIX_PATH=${CMAKE_PREFIX_PATH}:/opt/ros/foxy /usr/bin/cmake /home/penship/rover/src/main -DCMAKE_INSTALL_PREFIX=/home/penship/rover/src/install/main
[1.050s] Invoking command in '/home/penship/rover/src/build/main': CMAKE_PREFIX_PATH=${CMAKE_PREFIX_PATH}:/opt/ros/foxy /usr/bin/cmake --build /home/penship/rover/src/build/main -- -j8 -l8
[1.096s] Invoked command in '/home/penship/rover/src/build/main' returned '0': CMAKE_PREFIX_PATH=${CMAKE_PREFIX_PATH}:/opt/ros/foxy /usr/bin/cmake --build /home/penship/rover/src/build/main -- -j8 -l8
[1.099s] Invoking command in '/home/penship/rover/src/build/main': CMAKE_PREFIX_PATH=${CMAKE_PREFIX_PATH}:/opt/ros/foxy /usr/bin/cmake --install /home/penship/rover/src/build/main
[1.116s] -- Install configuration: ""
[1.116s] -- Installing: /home/penship/rover/src/install/main/share/ament_index/resource_index/package_run_dependencies/main
[1.116s] -- Installing: /home/penship/rover/src/install/main/share/ament_index/resource_index/parent_prefix_path/main
[1.117s] -- Installing: /home/penship/rover/src/install/main/share/main/environment/ament_prefix_path.sh
[1.117s] -- Installing: /home/penship/rover/src/install/main/share/main/environment/ament_prefix_path.dsv
[1.117s] -- Installing: /home/penship/rover/src/install/main/share/main/environment/path.sh
[1.118s] -- Installing: /home/penship/rover/src/install/main/share/main/environment/path.dsv
[1.118s] -- Installing: /home/penship/rover/src/install/main/share/main/local_setup.bash
[1.119s] -- Installing: /home/penship/rover/src/install/main/share/main/local_setup.sh
[1.119s] -- Installing: /home/penship/rover/src/install/main/share/main/local_setup.zsh
[1.120s] -- Installing: /home/penship/rover/src/install/main/share/main/local_setup.dsv
[1.120s] -- Installing: /home/penship/rover/src/install/main/share/main/package.dsv
[1.121s] -- Installing: /home/penship/rover/src/install/main/share/ament_index/resource_index/packages/main
[1.121s] -- Installing: /home/penship/rover/src/install/main/share/main/cmake/mainConfig.cmake
[1.123s] -- Installing: /home/penship/rover/src/install/main/share/main/cmake/mainConfig-version.cmake
[1.123s] -- Installing: /home/penship/rover/src/install/main/share/main/package.xml
[1.141s] Invoked command in '/home/penship/rover/src/build/main' returned '0': CMAKE_PREFIX_PATH=${CMAKE_PREFIX_PATH}:/opt/ros/foxy /usr/bin/cmake --install /home/penship/rover/src/build/main
