[0.053s] Invoking command in '/home/penship/rover/build/launcher': CMAKE_PREFIX_PATH=${CMAKE_PREFIX_PATH}:/opt/ros/foxy /usr/bin/cmake /home/penship/rover/src/launcher -DAMENT_CMAKE_SYMLINK_INSTALL=1 -DCMAKE_INSTALL_PREFIX=/home/penship/rover/install/launcher
[0.087s] -- Found ament_cmake: 0.9.12 (/opt/ros/foxy/share/ament_cmake/cmake)
[0.113s] -- Using PYTHON_EXECUTABLE: /home/penship/ardupilot/ardupilot_env/bin/python3
[0.359s] -- Override CMake install command with custom implementation using symlinks instead of copying resources
[0.371s] -- Found rclcpp: 2.4.3 (/opt/ros/foxy/share/rclcpp/cmake)
[0.438s] -- Using all available rosidl_typesupport_c: rosidl_typesupport_fastrtps_c;rosidl_typesupport_introspection_c
[0.446s] -- Found rosidl_adapter: 1.3.1 (/opt/ros/foxy/share/rosidl_adapter/cmake)
[0.635s] -- Using all available rosidl_typesupport_cpp: rosidl_typesupport_fastrtps_cpp;rosidl_typesupport_introspection_cpp
[0.702s] -- Found rmw_implementation_cmake: 1.0.4 (/opt/ros/foxy/share/rmw_implementation_cmake/cmake)
[0.705s] -- Using RMW implementation 'rmw_fastrtps_cpp' as default
[0.914s] CMake Error at CMakeLists.txt:21 (find_package):
[0.914s]   By not providing "Findlaunch.cmake" in CMAKE_MODULE_PATH this project has
[0.914s]   asked CMake to find a package configuration file provided by "launch", but
[0.914s]   CMake did not find one.
[0.915s] 
[0.915s]   Could not find a package configuration file provided by "launch" with any
[0.915s]   of the following names:
[0.915s] 
[0.915s]     launchConfig.cmake
[0.915s]     launch-config.cmake
[0.915s] 
[0.915s]   Add the installation prefix of "launch" to CMAKE_PREFIX_PATH or set
[0.915s]   "launch_DIR" to a directory containing one of the above files.  If "launch"
[0.915s]   provides a separate development package or SDK, be sure it has been
[0.915s]   installed.
[0.915s] 
[0.915s] 
[0.916s] -- Configuring incomplete, errors occurred!
[0.916s] See also "/home/penship/rover/build/launcher/CMakeFiles/CMakeOutput.log".
[0.916s] See also "/home/penship/rover/build/launcher/CMakeFiles/CMakeError.log".
[0.925s] Invoked command in '/home/penship/rover/build/launcher' returned '1': CMAKE_PREFIX_PATH=${CMAKE_PREFIX_PATH}:/opt/ros/foxy /usr/bin/cmake /home/penship/rover/src/launcher -DAMENT_CMAKE_SYMLINK_INSTALL=1 -DCMAKE_INSTALL_PREFIX=/home/penship/rover/install/launcher
