[0.061s] Invoking command in '/home/penship/rover/build/vision': CMAKE_PREFIX_PATH=${CMAKE_PREFIX_PATH}:/opt/ros/foxy /usr/bin/cmake /home/penship/rover/src/vision -DAMENT_CMAKE_SYMLINK_INSTALL=1 -DCMAKE_INSTALL_PREFIX=/home/penship/rover/install/vision
[0.207s] -- The C compiler identification is GNU 9.4.0
[0.334s] -- The CXX compiler identification is GNU 9.4.0
[0.344s] -- Check for working C compiler: /usr/bin/cc
[0.515s] -- Check for working C compiler: /usr/bin/cc -- works
[0.517s] -- Detecting C compiler ABI info
[0.680s] -- Detecting C compiler ABI info - done
[0.704s] -- Detecting C compile features
[0.705s] -- Detecting C compile features - done
[0.710s] -- Check for working CXX compiler: /usr/bin/c++
[0.876s] -- Check for working CXX compiler: /usr/bin/c++ -- works
[0.878s] -- Detecting CXX compiler ABI info
[1.017s] -- Detecting CXX compiler ABI info - done
[1.042s] -- Detecting CXX compile features
[1.043s] -- Detecting CXX compile features - done
[1.046s] -- Found ament_cmake: 0.9.12 (/opt/ros/foxy/share/ament_cmake/cmake)
[1.077s] -- Found PythonInterp: /home/penship/ardupilot/ardupilot_env/bin/python3 (found suitable version "3.8.10", minimum required is "3") 
[1.077s] -- Using PYTHON_EXECUTABLE: /home/penship/ardupilot/ardupilot_env/bin/python3
[1.300s] -- Override CMake install command with custom implementation using symlinks instead of copying resources
[1.339s] -- Found ament_lint_auto: 0.9.8 (/opt/ros/foxy/share/ament_lint_auto/cmake)
[1.498s] -- Added test 'copyright' to check source files copyright and LICENSE
[1.501s] -- Added test 'lint_cmake' to check CMake code style
[1.502s] -- Added test 'xmllint' to check XML markup files
[1.506s] -- Configuring done
[1.508s] -- Generating done
[1.510s] -- Build files have been written to: /home/penship/rover/build/vision
