[0.053s] Invoking command in '/home/penship/rover/build/vision': CMAKE_PREFIX_PATH=${CMAKE_PREFIX_PATH}:/opt/ros/foxy /usr/bin/cmake --build /home/penship/rover/build/vision -- -j8 -l8
[0.129s] Invoked command in '/home/penship/rover/build/vision' returned '0': CMAKE_PREFIX_PATH=${CMAKE_PREFIX_PATH}:/opt/ros/foxy /usr/bin/cmake --build /home/penship/rover/build/vision -- -j8 -l8
[0.135s] Invoking command in '/home/penship/rover/build/vision': CMAKE_PREFIX_PATH=${CMAKE_PREFIX_PATH}:/opt/ros/foxy /usr/bin/cmake --install /home/penship/rover/build/vision
[0.157s] -- Install configuration: ""
[0.159s] -- Execute custom install script
[0.159s] -- Up-to-date symlink: /home/penship/rover/install/vision/share/ament_index/resource_index/package_run_dependencies/vision
[0.165s] -- Up-to-date symlink: /home/penship/rover/install/vision/share/ament_index/resource_index/parent_prefix_path/vision
[0.165s] -- Up-to-date symlink: /home/penship/rover/install/vision/share/vision/environment/ament_prefix_path.sh
[0.165s] -- Up-to-date symlink: /home/penship/rover/install/vision/share/vision/environment/ament_prefix_path.dsv
[0.166s] -- Up-to-date symlink: /home/penship/rover/install/vision/share/vision/environment/path.sh
[0.166s] -- Up-to-date symlink: /home/penship/rover/install/vision/share/vision/environment/path.dsv
[0.166s] -- Up-to-date symlink: /home/penship/rover/install/vision/share/vision/local_setup.bash
[0.166s] -- Up-to-date symlink: /home/penship/rover/install/vision/share/vision/local_setup.sh
[0.166s] -- Up-to-date symlink: /home/penship/rover/install/vision/share/vision/local_setup.zsh
[0.167s] -- Up-to-date symlink: /home/penship/rover/install/vision/share/vision/local_setup.dsv
[0.167s] -- Symlinking: /home/penship/rover/install/vision/share/vision/package.dsv
[0.185s] -- Up-to-date symlink: /home/penship/rover/install/vision/share/ament_index/resource_index/packages/vision
[0.186s] -- Up-to-date symlink: /home/penship/rover/install/vision/share/vision/cmake/visionConfig.cmake
[0.186s] -- Up-to-date symlink: /home/penship/rover/install/vision/share/vision/cmake/visionConfig-version.cmake
[0.186s] -- Up-to-date symlink: /home/penship/rover/install/vision/share/vision/package.xml
[0.237s] Invoked command in '/home/penship/rover/build/vision' returned '0': CMAKE_PREFIX_PATH=${CMAKE_PREFIX_PATH}:/opt/ros/foxy /usr/bin/cmake --install /home/penship/rover/build/vision
