[0.073s] Invoking command in '/home/penship/rover/build/motor': CMAKE_PREFIX_PATH=${CMAKE_PREFIX_PATH}:/opt/ros/foxy /usr/bin/cmake /home/penship/rover/src/motor -DAMENT_CMAKE_SYMLINK_INSTALL=1 -DCMAKE_INSTALL_PREFIX=/home/penship/rover/install/motor
[0.239s] -- The C compiler identification is GNU 9.4.0
[0.343s] -- The CXX compiler identification is GNU 9.4.0
[0.351s] -- Check for working C compiler: /usr/bin/cc
[0.453s] -- Check for working C compiler: /usr/bin/cc -- works
[0.455s] -- Detecting C compiler ABI info
[0.561s] -- Detecting C compiler ABI info - done
[0.584s] -- Detecting C compile features
[0.585s] -- Detecting C compile features - done
[0.589s] -- Check for working CXX compiler: /usr/bin/c++
[0.733s] -- Check for working CXX compiler: /usr/bin/c++ -- works
[0.736s] -- Detecting CXX compiler ABI info
[1.020s] -- Detecting CXX compiler ABI info - done
[1.051s] -- Detecting CXX compile features
[1.052s] -- Detecting CXX compile features - done
[1.056s] -- Found ament_cmake: 0.9.12 (/opt/ros/foxy/share/ament_cmake/cmake)
[1.086s] -- Found PythonInterp: /home/penship/ardupilot/ardupilot_env/bin/python3 (found suitable version "3.8.10", minimum required is "3") 
[1.086s] -- Using PYTHON_EXECUTABLE: /home/penship/ardupilot/ardupilot_env/bin/python3
[1.274s] -- Override CMake install command with custom implementation using symlinks instead of copying resources
[1.327s] -- Found ament_lint_auto: 0.9.8 (/opt/ros/foxy/share/ament_lint_auto/cmake)
[1.533s] -- Added test 'copyright' to check source files copyright and LICENSE
[1.535s] -- Added test 'cppcheck' to perform static code analysis on C / C++ code
[1.536s] -- Configured cppcheck include dirs: 
[1.537s] -- Configured cppcheck exclude dirs and/or files: 
[1.537s] -- Added test 'cpplint' to check C / C++ code against the Google style
[1.537s] -- Configured cpplint exclude dirs and/or files: 
[1.538s] -- Added test 'lint_cmake' to check CMake code style
[1.539s] -- Added test 'uncrustify' to check C / C++ code style
[1.539s] -- Configured uncrustify additional arguments: 
[1.543s] -- Added test 'xmllint' to check XML markup files
[1.549s] -- Configuring done
[1.552s] -- Generating done
[1.556s] -- Build files have been written to: /home/penship/rover/build/motor
[1.564s] Invoked command in '/home/penship/rover/build/motor' returned '0': CMAKE_PREFIX_PATH=${CMAKE_PREFIX_PATH}:/opt/ros/foxy /usr/bin/cmake /home/penship/rover/src/motor -DAMENT_CMAKE_SYMLINK_INSTALL=1 -DCMAKE_INSTALL_PREFIX=/home/penship/rover/install/motor
[1.571s] Invoking command in '/home/penship/rover/build/motor': CMAKE_PREFIX_PATH=${CMAKE_PREFIX_PATH}:/opt/ros/foxy /usr/bin/cmake --build /home/penship/rover/build/motor -- -j8 -l8
[1.636s] Invoked command in '/home/penship/rover/build/motor' returned '0': CMAKE_PREFIX_PATH=${CMAKE_PREFIX_PATH}:/opt/ros/foxy /usr/bin/cmake --build /home/penship/rover/build/motor -- -j8 -l8
[1.641s] Invoking command in '/home/penship/rover/build/motor': CMAKE_PREFIX_PATH=${CMAKE_PREFIX_PATH}:/opt/ros/foxy /usr/bin/cmake --install /home/penship/rover/build/motor
[1.654s] -- Install configuration: ""
[1.654s] -- Execute custom install script
[1.655s] -- Symlinking: /home/penship/rover/install/motor/share/ament_index/resource_index/package_run_dependencies/motor
[1.668s] -- Symlinking: /home/penship/rover/install/motor/share/ament_index/resource_index/parent_prefix_path/motor
[1.680s] -- Symlinking: /home/penship/rover/install/motor/share/motor/environment/ament_prefix_path.sh
[1.692s] -- Symlinking: /home/penship/rover/install/motor/share/motor/environment/ament_prefix_path.dsv
[1.706s] -- Symlinking: /home/penship/rover/install/motor/share/motor/environment/path.sh
[1.717s] -- Symlinking: /home/penship/rover/install/motor/share/motor/environment/path.dsv
[1.732s] -- Symlinking: /home/penship/rover/install/motor/share/motor/local_setup.bash
[1.745s] -- Symlinking: /home/penship/rover/install/motor/share/motor/local_setup.sh
[1.757s] -- Symlinking: /home/penship/rover/install/motor/share/motor/local_setup.zsh
[1.769s] -- Symlinking: /home/penship/rover/install/motor/share/motor/local_setup.dsv
[1.788s] -- Symlinking: /home/penship/rover/install/motor/share/motor/package.dsv
[1.802s] -- Symlinking: /home/penship/rover/install/motor/share/ament_index/resource_index/packages/motor
[1.818s] -- Symlinking: /home/penship/rover/install/motor/share/motor/cmake/motorConfig.cmake
[1.832s] -- Symlinking: /home/penship/rover/install/motor/share/motor/cmake/motorConfig-version.cmake
[1.847s] -- Symlinking: /home/penship/rover/install/motor/share/motor/package.xml
[1.862s] Invoked command in '/home/penship/rover/build/motor' returned '0': CMAKE_PREFIX_PATH=${CMAKE_PREFIX_PATH}:/opt/ros/foxy /usr/bin/cmake --install /home/penship/rover/build/motor
