[35m[1mScanning dependencies of target rov_joy_controller[0m
[ 50%] [32mBuilding CXX object CMakeFiles/rov_joy_controller.dir/src/joy.cpp.o[0m
[100%] [32m[1mLinking CXX executable rov_joy_controller[0m
[100%] Built target rov_joy_controller
-- Install configuration: ""
-- Installing: /home/penship/rover/src/install/joy/lib/joy/rov_joy_controller
-- Set runtime path of "/home/penship/rover/src/install/joy/lib/joy/rov_joy_controller" to ""
-- Up-to-date: /home/penship/rover/src/install/joy/include
-- Up-to-date: /home/penship/rover/src/install/joy/include/joy
-- Up-to-date: /home/penship/rover/src/install/joy/include/joy/joy.h
-- Up-to-date: /home/penship/rover/src/install/joy/share/ament_index/resource_index/package_run_dependencies/joy
-- Up-to-date: /home/penship/rover/src/install/joy/share/ament_index/resource_index/parent_prefix_path/joy
-- Up-to-date: /home/penship/rover/src/install/joy/share/joy/environment/ament_prefix_path.sh
-- Up-to-date: /home/penship/rover/src/install/joy/share/joy/environment/ament_prefix_path.dsv
-- Up-to-date: /home/penship/rover/src/install/joy/share/joy/environment/path.sh
-- Up-to-date: /home/penship/rover/src/install/joy/share/joy/environment/path.dsv
-- Up-to-date: /home/penship/rover/src/install/joy/share/joy/local_setup.bash
-- Up-to-date: /home/penship/rover/src/install/joy/share/joy/local_setup.sh
-- Up-to-date: /home/penship/rover/src/install/joy/share/joy/local_setup.zsh
-- Up-to-date: /home/penship/rover/src/install/joy/share/joy/local_setup.dsv
-- Installing: /home/penship/rover/src/install/joy/share/joy/package.dsv
-- Up-to-date: /home/penship/rover/src/install/joy/share/ament_index/resource_index/packages/joy
-- Up-to-date: /home/penship/rover/src/install/joy/share/joy/cmake/joyConfig.cmake
-- Up-to-date: /home/penship/rover/src/install/joy/share/joy/cmake/joyConfig-version.cmake
-- Up-to-date: /home/penship/rover/src/install/joy/share/joy/package.xml
