[35m[1mScanning dependencies of target rov_joy_controller[0m
[ 50%] [32mBuilding CXX object CMakeFiles/rov_joy_controller.dir/src/joy.cpp.o[0m
[01m[K/home/penship/rover/src/joy/src/joy.cpp:[m[K In member function ‘[01m[Kvoid ROVJoyController::joy_callback(sensor_msgs::msg::Joy_<std::allocator<void> >::SharedPtr)[m[K’:
[01m[K/home/penship/rover/src/joy/src/joy.cpp:24:10:[m[K [01;35m[Kwarning: [m[Kunused variable ‘[01m[Kdpad_up[m[K’ [[01;35m[K-Wunused-variable[m[K]
   24 |     bool [01;35m[Kdpad_up[m[K = joy_msg->buttons[13];
      |          [01;35m[K^~~~~~~[m[K
[01m[K/home/penship/rover/src/joy/src/joy.cpp:25:10:[m[K [01;35m[Kwarning: [m[Kunused variable ‘[01m[Kdpad_down[m[K’ [[01;35m[K-Wunused-variable[m[K]
   25 |     bool [01;35m[Kdpad_down[m[K = joy_msg->buttons[14];
      |          [01;35m[K^~~~~~~~~[m[K
[01m[K/home/penship/rover/src/joy/src/joy.cpp:26:10:[m[K [01;35m[Kwarning: [m[Kunused variable ‘[01m[Kdpad_left[m[K’ [[01;35m[K-Wunused-variable[m[K]
   26 |     bool [01;35m[Kdpad_left[m[K = joy_msg->buttons[15];
      |          [01;35m[K^~~~~~~~~[m[K
[01m[K/home/penship/rover/src/joy/src/joy.cpp:27:10:[m[K [01;35m[Kwarning: [m[Kunused variable ‘[01m[Kdpad_right[m[K’ [[01;35m[K-Wunused-variable[m[K]
   27 |     bool [01;35m[Kdpad_right[m[K = joy_msg->buttons[16];
      |          [01;35m[K^~~~~~~~~~[m[K
[100%] [32m[1mLinking CXX executable rov_joy_controller[0m
[100%] Built target rov_joy_controller
-- Install configuration: ""
-- Installing: /home/penship/rover/src/install/joy/lib/joy/rov_joy_controller
-- Set runtime path of "/home/penship/rover/src/install/joy/lib/joy/rov_joy_controller" to ""
-- Up-to-date: /home/penship/rover/src/install/joy/include
-- Up-to-date: /home/penship/rover/src/install/joy/include/joy
-- Up-to-date: /home/penship/rover/src/install/joy/include/joy/joy.h
-- Up-to-date: /home/penship/rover/src/install/joy/share/ament_index/resource_index/package_run_dependencies/joy
-- Up-to-date: /home/penship/rover/src/install/joy/share/ament_index/resource_index/parent_prefix_path/joy
-- Up-to-date: /home/penship/rover/src/install/joy/share/joy/environment/ament_prefix_path.sh
-- Up-to-date: /home/penship/rover/src/install/joy/share/joy/environment/ament_prefix_path.dsv
-- Up-to-date: /home/penship/rover/src/install/joy/share/joy/environment/path.sh
-- Up-to-date: /home/penship/rover/src/install/joy/share/joy/environment/path.dsv
-- Up-to-date: /home/penship/rover/src/install/joy/share/joy/local_setup.bash
-- Up-to-date: /home/penship/rover/src/install/joy/share/joy/local_setup.sh
-- Up-to-date: /home/penship/rover/src/install/joy/share/joy/local_setup.zsh
-- Up-to-date: /home/penship/rover/src/install/joy/share/joy/local_setup.dsv
-- Installing: /home/penship/rover/src/install/joy/share/joy/package.dsv
-- Up-to-date: /home/penship/rover/src/install/joy/share/ament_index/resource_index/packages/joy
-- Up-to-date: /home/penship/rover/src/install/joy/share/joy/cmake/joyConfig.cmake
-- Up-to-date: /home/penship/rover/src/install/joy/share/joy/cmake/joyConfig-version.cmake
-- Up-to-date: /home/penship/rover/src/install/joy/share/joy/package.xml
