[100%] Built target rov_joy_controller
-- Install configuration: ""
-- Execute custom install script
-- Symlinking: /home/penship/rover/install/joy/lib/joy/rov_joy_controller
-- Symlinking: /home/penship/rover/install/joy/include/joy/joy.h
-- Symlinking: /home/penship/rover/install/joy/include/joy/joy.h.save
-- Symlinking: /home/penship/rover/install/joy/share/ament_index/resource_index/package_run_dependencies/joy
-- Symlinking: /home/penship/rover/install/joy/share/ament_index/resource_index/parent_prefix_path/joy
-- Symlinking: /home/penship/rover/install/joy/share/joy/environment/ament_prefix_path.sh
-- Symlinking: /home/penship/rover/install/joy/share/joy/environment/ament_prefix_path.dsv
-- Symlinking: /home/penship/rover/install/joy/share/joy/environment/path.sh
-- Symlinking: /home/penship/rover/install/joy/share/joy/environment/path.dsv
-- Symlinking: /home/penship/rover/install/joy/share/joy/local_setup.bash
-- Symlinking: /home/penship/rover/install/joy/share/joy/local_setup.sh
-- Symlinking: /home/penship/rover/install/joy/share/joy/local_setup.zsh
-- Symlinking: /home/penship/rover/install/joy/share/joy/local_setup.dsv
-- Symlinking: /home/penship/rover/install/joy/share/joy/package.dsv
-- Symlinking: /home/penship/rover/install/joy/share/ament_index/resource_index/packages/joy
-- Symlinking: /home/penship/rover/install/joy/share/joy/cmake/joyConfig.cmake
-- Symlinking: /home/penship/rover/install/joy/share/joy/cmake/joyConfig-version.cmake
-- Symlinking: /home/penship/rover/install/joy/share/joy/package.xml
