[0.016s] Invoking command in '/home/penship/rover/build/joy': CMAKE_PREFIX_PATH=/opt/ros/foxy /usr/bin/cmake /home/penship/rover/src/joy -DCMAKE_INSTALL_PREFIX=/home/penship/rover/install/joy
[0.033s] -- Found ament_cmake: 0.9.12 (/opt/ros/foxy/share/ament_cmake/cmake)
[0.051s] -- Using PYTHON_EXECUTABLE: /home/penship/ardupilot/ardupilot_env/bin/python3
[0.176s] -- Override CMake install command with custom implementation using symlinks instead of copying resources
[0.188s] -- Found rclcpp: 2.4.3 (/opt/ros/foxy/share/rclcpp/cmake)
[0.254s] -- Using all available rosidl_typesupport_c: rosidl_typesupport_fastrtps_c;rosidl_typesupport_introspection_c
[0.263s] -- Found rosidl_adapter: 1.3.1 (/opt/ros/foxy/share/rosidl_adapter/cmake)
[0.380s] -- Found OpenSSL: /usr/lib/x86_64-linux-gnu/libcrypto.so (found version "1.1.1f")  
[0.415s] -- Found FastRTPS: /opt/ros/foxy/include  
[0.514s] -- Using all available rosidl_typesupport_cpp: rosidl_typesupport_fastrtps_cpp;rosidl_typesupport_introspection_cpp
[0.592s] -- Found rmw_implementation_cmake: 1.0.4 (/opt/ros/foxy/share/rmw_implementation_cmake/cmake)
[0.594s] -- Using RMW implementation 'rmw_fastrtps_cpp' as default
[0.596s] -- Looking for pthread.h
[0.688s] -- Looking for pthread.h - found
[0.688s] -- Performing Test CMAKE_HAVE_LIBC_PTHREAD
[0.772s] -- Performing Test CMAKE_HAVE_LIBC_PTHREAD - Failed
[0.772s] -- Looking for pthread_create in pthreads
[0.846s] -- Looking for pthread_create in pthreads - not found
[0.846s] -- Looking for pthread_create in pthread
[0.927s] -- Looking for pthread_create in pthread - found
[0.930s] -- Found Threads: TRUE  
[1.126s] -- Found sensor_msgs: 2.0.5 (/opt/ros/foxy/share/sensor_msgs/cmake)
[1.275s] -- Found ament_lint_auto: 0.9.8 (/opt/ros/foxy/share/ament_lint_auto/cmake)
[1.297s] Traceback (most recent call last):
[1.298s]   File "/opt/ros/foxy/share/ament_cmake_core/cmake/core/package_xml_2_cmake.py", line 21, in <module>
[1.298s]     from catkin_pkg.package import parse_package_string
[1.298s] ModuleNotFoundError: No module named 'catkin_pkg'
[1.300s] CMake Error at /opt/ros/foxy/share/ament_cmake_core/cmake/core/ament_package_xml.cmake:94 (message):
[1.301s]   execute_process(/home/penship/ardupilot/ardupilot_env/bin/python3
[1.301s]   /opt/ros/foxy/share/ament_cmake_core/cmake/core/package_xml_2_cmake.py
[1.301s]   /home/penship/rover/src/joy/package.xml
[1.301s]   /home/penship/rover/build/joy/ament_cmake_core/package.cmake) returned
[1.301s]   error code 1
[1.301s] Call Stack (most recent call first):
[1.301s]   /opt/ros/foxy/share/ament_cmake_core/cmake/core/ament_package_xml.cmake:49 (_ament_package_xml)
[1.301s]   /opt/ros/foxy/share/ament_lint_auto/cmake/ament_lint_auto_find_test_dependencies.cmake:31 (ament_package_xml)
[1.301s]   CMakeLists.txt:36 (ament_lint_auto_find_test_dependencies)
[1.301s] 
[1.301s] 
[1.303s] -- Configuring incomplete, errors occurred!
[1.303s] See also "/home/penship/rover/build/joy/CMakeFiles/CMakeOutput.log".
[1.303s] See also "/home/penship/rover/build/joy/CMakeFiles/CMakeError.log".
[1.312s] Invoked command in '/home/penship/rover/build/joy' returned '1': CMAKE_PREFIX_PATH=/opt/ros/foxy /usr/bin/cmake /home/penship/rover/src/joy -DCMAKE_INSTALL_PREFIX=/home/penship/rover/install/joy
