-- The C compiler identification is GNU 9.4.0
-- The CXX compiler identification is GNU 9.4.0
-- Check for working C compiler: /usr/bin/cc
-- Check for working C compiler: /usr/bin/cc -- works
-- Detecting C compiler ABI info
-- Detecting C compiler ABI info - done
-- Detecting C compile features
-- Detecting C compile features - done
-- Check for working CXX compiler: /usr/bin/c++
-- Check for working CXX compiler: /usr/bin/c++ -- works
-- Detecting CXX compiler ABI info
-- Detecting CXX compiler ABI info - done
-- Detecting CXX compile features
-- Detecting CXX compile features - done
-- Found ament_cmake: 0.9.12 (/opt/ros/foxy/share/ament_cmake/cmake)
-- Found PythonInterp: /home/penship/ardupilot/ardupilot_env/bin/python3 (found suitable version "3.8.10", minimum required is "3") 
-- Using PYTHON_EXECUTABLE: /home/penship/ardupilot/ardupilot_env/bin/python3
-- Override CMake install command with custom implementation using symlinks instead of copying resources
-- Found ament_lint_auto: 0.9.8 (/opt/ros/foxy/share/ament_lint_auto/cmake)
-- Added test 'copyright' to check source files copyright and LICENSE
-- Added test 'lint_cmake' to check CMake code style
-- Added test 'xmllint' to check XML markup files
-- Configuring done
-- Generating done
-- Build files have been written to: /home/penship/rover/build/vision
-- Install configuration: ""
-- Execute custom install script
-- Symlinking: /home/penship/rover/install/vision/share/ament_index/resource_index/package_run_dependencies/vision
-- Symlinking: /home/penship/rover/install/vision/share/ament_index/resource_index/parent_prefix_path/vision
-- Symlinking: /home/penship/rover/install/vision/share/vision/environment/ament_prefix_path.sh
-- Symlinking: /home/penship/rover/install/vision/share/vision/environment/ament_prefix_path.dsv
-- Symlinking: /home/penship/rover/install/vision/share/vision/environment/path.sh
-- Symlinking: /home/penship/rover/install/vision/share/vision/environment/path.dsv
-- Symlinking: /home/penship/rover/install/vision/share/vision/local_setup.bash
-- Symlinking: /home/penship/rover/install/vision/share/vision/local_setup.sh
-- Symlinking: /home/penship/rover/install/vision/share/vision/local_setup.zsh
-- Symlinking: /home/penship/rover/install/vision/share/vision/local_setup.dsv
-- Symlinking: /home/penship/rover/install/vision/share/vision/package.dsv
-- Symlinking: /home/penship/rover/install/vision/share/ament_index/resource_index/packages/vision
-- Symlinking: /home/penship/rover/install/vision/share/vision/cmake/visionConfig.cmake
-- Symlinking: /home/penship/rover/install/vision/share/vision/cmake/visionConfig-version.cmake
-- Symlinking: /home/penship/rover/install/vision/share/vision/package.xml
