[0.057s] Invoking command in '/home/penship/rover/build/launcher': CMAKE_PREFIX_PATH=${CMAKE_PREFIX_PATH}:/home/penship/rover/install/vision:/home/penship/rover/install/strategi:/home/penship/rover/install/motor:/home/penship/rover/install/main:/home/penship/rover/install/launcher:/home/penship/rover/install/joy:/home/penship/rover/src/install/vision:/home/penship/rover/src/install/motor:/home/penship/rover/src/install/main:/home/penship/rover/src/install/joy:/opt/ros/foxy /usr/bin/cmake /home/penship/rover/src/launcher -DAMENT_CMAKE_SYMLINK_INSTALL=1 -DCMAKE_INSTALL_PREFIX=/home/penship/rover/install/launcher
[0.222s] -- The C compiler identification is GNU 9.4.0
[0.435s] -- The CXX compiler identification is GNU 9.4.0
[0.456s] -- Check for working C compiler: /usr/bin/cc
[0.631s] -- Check for working C compiler: /usr/bin/cc -- works
[0.635s] -- Detecting C compiler ABI info
[0.938s] -- Detecting C compiler ABI info - done
[0.987s] -- Detecting C compile features
[0.988s] -- Detecting C compile features - done
[0.995s] -- Check for working CXX compiler: /usr/bin/c++
[1.185s] -- Check for working CXX compiler: /usr/bin/c++ -- works
[1.187s] -- Detecting CXX compiler ABI info
[1.385s] -- Detecting CXX compiler ABI info - done
[1.414s] -- Detecting CXX compile features
[1.415s] -- Detecting CXX compile features - done
[1.419s] -- Found ament_cmake: 0.9.12 (/opt/ros/foxy/share/ament_cmake/cmake)
[1.449s] -- Found PythonInterp: /home/penship/ardupilot/ardupilot_env/bin/python3 (found suitable version "3.8.10", minimum required is "3") 
[1.449s] -- Using PYTHON_EXECUTABLE: /home/penship/ardupilot/ardupilot_env/bin/python3
[1.670s] -- Override CMake install command with custom implementation using symlinks instead of copying resources
[1.709s] -- Found ament_lint_auto: 0.9.8 (/opt/ros/foxy/share/ament_lint_auto/cmake)
[1.874s] -- Added test 'copyright' to check source files copyright and LICENSE
[1.879s] -- Added test 'flake8' to check Python code syntax and style conventions
[1.883s] -- Added test 'lint_cmake' to check CMake code style
[1.884s] -- Added test 'pep257' to check Python code against some of the style conventions in PEP 257
[1.884s] -- Added test 'xmllint' to check XML markup files
[1.887s] -- Configuring done
[1.895s] -- Generating done
[1.895s] -- Build files have been written to: /home/penship/rover/build/launcher
[1.904s] Invoked command in '/home/penship/rover/build/launcher' returned '0': CMAKE_PREFIX_PATH=${CMAKE_PREFIX_PATH}:/home/penship/rover/install/vision:/home/penship/rover/install/strategi:/home/penship/rover/install/motor:/home/penship/rover/install/main:/home/penship/rover/install/launcher:/home/penship/rover/install/joy:/home/penship/rover/src/install/vision:/home/penship/rover/src/install/motor:/home/penship/rover/src/install/main:/home/penship/rover/src/install/joy:/opt/ros/foxy /usr/bin/cmake /home/penship/rover/src/launcher -DAMENT_CMAKE_SYMLINK_INSTALL=1 -DCMAKE_INSTALL_PREFIX=/home/penship/rover/install/launcher
[1.906s] Invoking command in '/home/penship/rover/build/launcher': CMAKE_PREFIX_PATH=${CMAKE_PREFIX_PATH}:/home/penship/rover/install/vision:/home/penship/rover/install/strategi:/home/penship/rover/install/motor:/home/penship/rover/install/main:/home/penship/rover/install/launcher:/home/penship/rover/install/joy:/home/penship/rover/src/install/vision:/home/penship/rover/src/install/motor:/home/penship/rover/src/install/main:/home/penship/rover/src/install/joy:/opt/ros/foxy /usr/bin/cmake --build /home/penship/rover/build/launcher -- -j8 -l8
[1.997s] Invoked command in '/home/penship/rover/build/launcher' returned '0': CMAKE_PREFIX_PATH=${CMAKE_PREFIX_PATH}:/home/penship/rover/install/vision:/home/penship/rover/install/strategi:/home/penship/rover/install/motor:/home/penship/rover/install/main:/home/penship/rover/install/launcher:/home/penship/rover/install/joy:/home/penship/rover/src/install/vision:/home/penship/rover/src/install/motor:/home/penship/rover/src/install/main:/home/penship/rover/src/install/joy:/opt/ros/foxy /usr/bin/cmake --build /home/penship/rover/build/launcher -- -j8 -l8
[2.000s] Invoking command in '/home/penship/rover/build/launcher': CMAKE_PREFIX_PATH=${CMAKE_PREFIX_PATH}:/home/penship/rover/install/vision:/home/penship/rover/install/strategi:/home/penship/rover/install/motor:/home/penship/rover/install/main:/home/penship/rover/install/launcher:/home/penship/rover/install/joy:/home/penship/rover/src/install/vision:/home/penship/rover/src/install/motor:/home/penship/rover/src/install/main:/home/penship/rover/src/install/joy:/opt/ros/foxy /usr/bin/cmake --install /home/penship/rover/build/launcher
[2.029s] -- Install configuration: ""
[2.029s] -- Execute custom install script
[2.029s] -- Symlinking: /home/penship/rover/install/launcher/share/launcher//launch/joy.launch.py
[2.058s] -- Symlinking: /home/penship/rover/install/launcher/share/launcher//launch/mavros.launch.py
[2.083s] -- Symlinking: /home/penship/rover/install/launcher/share/launcher//launch/motor.launch.py
[2.099s] -- Symlinking: /home/penship/rover/install/launcher/share/launcher//launch/rover.launch.py
[2.111s] -- Symlinking: /home/penship/rover/install/launcher/share/launcher//launch/vision.launch.py
[2.143s] -- Symlinking: /home/penship/rover/install/launcher/share/ament_index/resource_index/package_run_dependencies/launcher
[2.177s] -- Symlinking: /home/penship/rover/install/launcher/share/ament_index/resource_index/parent_prefix_path/launcher
[2.207s] -- Symlinking: /home/penship/rover/install/launcher/share/launcher/environment/ament_prefix_path.sh
[2.233s] -- Symlinking: /home/penship/rover/install/launcher/share/launcher/environment/ament_prefix_path.dsv
[2.258s] -- Symlinking: /home/penship/rover/install/launcher/share/launcher/environment/path.sh
[2.274s] -- Symlinking: /home/penship/rover/install/launcher/share/launcher/environment/path.dsv
[2.288s] -- Symlinking: /home/penship/rover/install/launcher/share/launcher/local_setup.bash
[2.301s] -- Symlinking: /home/penship/rover/install/launcher/share/launcher/local_setup.sh
[2.310s] -- Symlinking: /home/penship/rover/install/launcher/share/launcher/local_setup.zsh
[2.323s] -- Symlinking: /home/penship/rover/install/launcher/share/launcher/local_setup.dsv
[2.333s] -- Symlinking: /home/penship/rover/install/launcher/share/launcher/package.dsv
[2.343s] -- Symlinking: /home/penship/rover/install/launcher/share/ament_index/resource_index/packages/launcher
[2.354s] -- Symlinking: /home/penship/rover/install/launcher/share/launcher/cmake/launcherConfig.cmake
[2.364s] -- Symlinking: /home/penship/rover/install/launcher/share/launcher/cmake/launcherConfig-version.cmake
[2.375s] -- Symlinking: /home/penship/rover/install/launcher/share/launcher/package.xml
[2.388s] Invoked command in '/home/penship/rover/build/launcher' returned '0': CMAKE_PREFIX_PATH=${CMAKE_PREFIX_PATH}:/home/penship/rover/install/vision:/home/penship/rover/install/strategi:/home/penship/rover/install/motor:/home/penship/rover/install/main:/home/penship/rover/install/launcher:/home/penship/rover/install/joy:/home/penship/rover/src/install/vision:/home/penship/rover/src/install/motor:/home/penship/rover/src/install/main:/home/penship/rover/src/install/joy:/opt/ros/foxy /usr/bin/cmake --install /home/penship/rover/build/launcher
