[0.060s] Invoking command in '/home/penship/rover/build/motor': CMAKE_PREFIX_PATH=${CMAKE_PREFIX_PATH}:/opt/ros/foxy /usr/bin/cmake /home/penship/rover/src/motor -DAMENT_CMAKE_SYMLINK_INSTALL=1 -DCMAKE_INSTALL_PREFIX=/home/penship/rover/install/motor
[0.190s] -- The C compiler identification is GNU 9.4.0
[0.321s] -- The CXX compiler identification is GNU 9.4.0
[0.333s] -- Check for working C compiler: /usr/bin/cc
[0.465s] -- Check for working C compiler: /usr/bin/cc -- works
[0.466s] -- Detecting C compiler ABI info
[0.648s] -- Detecting C compiler ABI info - done
[0.672s] -- Detecting C compile features
[0.673s] -- Detecting C compile features - done
[0.679s] -- Check for working CXX compiler: /usr/bin/c++
[0.821s] -- Check for working CXX compiler: /usr/bin/c++ -- works
[0.824s] -- Detecting CXX compiler ABI info
[0.958s] -- Detecting CXX compiler ABI info - done
[0.984s] -- Detecting CXX compile features
[0.984s] -- Detecting CXX compile features - done
[0.987s] -- Found ament_cmake: 0.9.12 (/opt/ros/foxy/share/ament_cmake/cmake)
[1.014s] -- Found PythonInterp: /home/penship/ardupilot/ardupilot_env/bin/python3 (found suitable version "3.8.10", minimum required is "3") 
[1.014s] -- Using PYTHON_EXECUTABLE: /home/penship/ardupilot/ardupilot_env/bin/python3
[1.191s] -- Override CMake install command with custom implementation using symlinks instead of copying resources
[1.231s] -- Found ament_lint_auto: 0.9.8 (/opt/ros/foxy/share/ament_lint_auto/cmake)
[1.418s] -- Added test 'copyright' to check source files copyright and LICENSE
[1.420s] -- Added test 'cppcheck' to perform static code analysis on C / C++ code
[1.420s] -- Configured cppcheck include dirs: 
[1.420s] -- Configured cppcheck exclude dirs and/or files: 
[1.421s] -- Added test 'cpplint' to check C / C++ code against the Google style
[1.422s] -- Configured cpplint exclude dirs and/or files: 
[1.423s] -- Added test 'lint_cmake' to check CMake code style
[1.424s] -- Added test 'uncrustify' to check C / C++ code style
[1.424s] -- Configured uncrustify additional arguments: 
[1.425s] -- Added test 'xmllint' to check XML markup files
[1.429s] -- Configuring done
[1.431s] -- Generating done
[1.433s] -- Build files have been written to: /home/penship/rover/build/motor
